2023/08/31 15:34:37 Start API
2023/08/31 15:34:37 2023-08-31 15:34:37 Listening to Port 8080..
2023/08/31 15:35:58 Start API
2023/08/31 15:35:58 2023-08-31 15:35:58 Listening to Port 8080..
2023/08/31 15:37:28 Start API
2023/08/31 15:37:28 2023-08-31 15:37:28 Listening to Port 8080..
2023/08/31 15:38:28 Start API
2023/08/31 15:38:28 2023-08-31 15:38:28 Listening to Port 8080..
2023/08/31 17:04:02 Start API
2023/08/31 17:04:02 2023-08-31 17:04:02 Listening to Port 8080..
2023/08/31 17:04:12 ::1 - /MiniAPI/
2023/08/31 17:04:28 Start API
2023/08/31 17:04:28 2023-08-31 17:04:28 Listening to Port 8080..
2023/08/31 17:05:20 Start API
2023/08/31 17:05:20 2023-08-31 17:05:20 Listening to Port 8080..
2023/08/31 17:05:29 ::1 - /MiniAPI/GenerateOTP
2023/08/31 17:07:41 Start API
2023/08/31 17:07:41 2023-08-31 17:07:41 Listening to Port 8080..
2023/08/31 17:07:49 ::1 - /MiniAPI/GenerateOTP
2023/09/21 10:52:08 Start API
2023/09/21 10:52:08 2023-09-21 10:52:08 Listening to Port 8080..
2023/09/21 10:54:37 Start API
2023/09/21 10:54:37 2023-09-21 10:54:37 Listening to Port 8080..
2023/09/21 10:54:43 ::1 - /MiniAPI/GenerateOTP
2023/09/21 13:29:39 Start API
2023/09/21 13:29:39 2023-09-21 13:29:39 Listening to Port 8080..
2023/09/21 13:29:51 ::1 - /MiniAPI/GenerateOTP
2023/09/21 13:30:01 ::1 - /MiniAPI/GenerateOTP
2023/09/21 13:30:09 ::1 - /MiniAPI/GenerateOTP
2023/09/21 13:30:10 ::1 - /MiniAPI/GenerateOTP
2023/09/21 13:30:11 ::1 - /MiniAPI/GenerateOTP
2023/09/21 13:30:12 ::1 - /MiniAPI/GenerateOTP
2023/09/21 13:30:13 ::1 - /MiniAPI/GenerateOTP
2023/09/21 13:30:23 ::1 - /MiniAPI/GenerateOTP
2023/09/21 13:30:23 ::1 - /MiniAPI/GenerateOTP
2023/09/21 13:30:24 ::1 - /MiniAPI/GenerateOTP
2023/09/21 13:30:25 ::1 - /MiniAPI/GenerateOTP
2023/09/21 13:30:26 ::1 - /MiniAPI/GenerateOTP
2023/09/21 13:30:27 ::1 - /MiniAPI/GenerateOTP
2023/09/21 13:30:36 ::1 - /MiniAPI/GenerateOTP
2023/09/21 13:30:41 ::1 - /MiniAPI/GenerateOTP
2023/09/21 13:30:42 ::1 - /MiniAPI/GenerateOTP
2023/09/21 13:31:16 ::1 - /MiniAPI/GenerateOTP
2023/09/21 13:31:17 ::1 - /MiniAPI/GenerateOTP
2023/09/21 13:31:29 Start API
2023/09/21 13:31:29 2023-09-21 13:31:29 Listening to Port 8080..
2023/09/21 13:31:36 ::1 - /MiniAPI/GenerateOTP
2023/09/21 13:31:38 ::1 - /MiniAPI/GenerateOTP
2023/09/21 13:31:55 ::1 - /MiniAPI/GenerateOTP
2023/09/21 13:31:57 ::1 - /MiniAPI/GenerateOTP
2023/09/21 13:31:58 ::1 - /MiniAPI/GenerateOTP
2023/09/21 13:31:59 ::1 - /MiniAPI/GenerateOTP
2023/09/21 13:32:00 ::1 - /MiniAPI/GenerateOTP
2023/09/21 13:32:03 ::1 - /MiniAPI/GenerateOTP
2023/09/21 13:32:04 ::1 - /MiniAPI/GenerateOTP
2023/09/21 13:32:09 ::1 - /MiniAPI/GenerateOTP
2023/09/21 13:32:11 ::1 - /MiniAPI/GenerateOTP
2023/09/21 13:32:13 ::1 - /MiniAPI/GenerateOTP
2023/09/21 13:32:15 ::1 - /MiniAPI/GenerateOTP
2023/09/21 13:32:42 Start API
2023/09/21 13:32:42 2023-09-21 13:32:42 Listening to Port 8080..
2023/09/21 13:32:48 ::1 - /MiniAPI/GenerateOTP
2023/09/21 13:32:50 ::1 - /MiniAPI/GenerateOTP
2023/09/21 13:32:51 ::1 - /MiniAPI/GenerateOTP
2023/09/21 13:32:52 ::1 - /MiniAPI/GenerateOTP
2023/09/21 13:32:53 ::1 - /MiniAPI/GenerateOTP
2023/09/21 13:32:53 ::1 - /MiniAPI/GenerateOTP
2023/09/21 13:32:54 ::1 - /MiniAPI/GenerateOTP
2023/09/21 13:37:27 Start API
2023/09/21 13:37:27 2023-09-21 13:37:27 Listening to Port 8080..
2023/09/21 13:37:40 ::1 - /MiniAPI/GenerateOTP
2023/09/21 13:37:42 ::1 - /MiniAPI/GenerateOTP
2023/09/21 13:37:42 ::1 - /MiniAPI/GenerateOTP
2023/09/21 13:37:43 ::1 - /MiniAPI/GenerateOTP
2023/09/21 13:37:45 ::1 - /MiniAPI/GenerateOTP
2023/09/21 13:37:49 ::1 - /MiniAPI/GenerateOTP
2023/09/21 13:37:50 ::1 - /MiniAPI/GenerateOTP
2023/09/21 13:37:51 ::1 - /MiniAPI/GenerateOTP
2023/09/21 13:38:04 Start API
2023/09/21 13:38:04 2023-09-21 13:38:04 Listening to Port 8080..
2023/09/21 13:38:12 ::1 - /MiniAPI/GenerateOTP
2023/09/21 13:38:13 ::1 - /MiniAPI/GenerateOTP
2023/09/21 13:38:15 ::1 - /MiniAPI/GenerateOTP
2023/09/21 13:38:16 ::1 - /MiniAPI/GenerateOTP
2023/09/21 13:38:17 ::1 - /MiniAPI/GenerateOTP
2023/09/21 13:38:18 ::1 - /MiniAPI/GenerateOTP
2023/09/21 13:38:19 ::1 - /MiniAPI/GenerateOTP
2023/09/21 13:38:20 ::1 - /MiniAPI/GenerateOTP
2023/09/21 13:39:48 Start API
2023/09/21 13:39:48 2023-09-21 13:39:48 Listening to Port 8080..
2023/09/21 13:39:56 ::1 - /MiniAPI/GenerateOTP
2023/09/21 13:40:01 ::1 - /MiniAPI/GenerateOTP
2023/09/21 13:40:02 ::1 - /MiniAPI/GenerateOTP
2023/09/21 13:40:11 ::1 - /MiniAPI/ValidateOTP
2023/09/21 13:40:28 ::1 - /MiniAPI/GenerateOTP
2023/09/21 13:40:34 ::1 - /MiniAPI/ValidateOTP
2023/09/21 13:40:45 ::1 - /MiniAPI/ValidateOTP
2023/09/21 13:41:11 Start API
2023/09/21 13:41:11 2023-09-21 13:41:11 Listening to Port 8080..
2023/09/21 13:41:25 ::1 - /MiniAPI/GenerateOTP
2023/09/21 13:41:32 ::1 - /MiniAPI/ValidateOTP
2023/09/21 13:41:33 ::1 - /MiniAPI/ValidateOTP
2023/09/21 13:41:34 ::1 - /MiniAPI/ValidateOTP
2023/09/21 13:42:07 Start API
2023/09/21 13:42:07 2023-09-21 13:42:07 Listening to Port 8080..
2023/09/21 13:42:17 ::1 - /MiniAPI/GenerateOTP
2023/09/21 13:42:23 ::1 - /MiniAPI/ValidateOTP
2023/09/21 13:43:11 ::1 - /MiniAPI/GenerateOTP
2023/09/21 13:43:16 ::1 - /MiniAPI/ValidateOTP
2023/09/21 13:43:57 ::1 - /MiniAPI/GenerateOTP
2023/09/21 13:44:38 ::1 - /MiniAPI/ValidateOTP
2023/09/21 13:48:37 Start API
2023/09/21 13:48:37 2023-09-21 13:48:37 Listening to Port 8080..
2023/09/21 13:48:46 ::1 - /MiniAPI/GenerateOTP
2023/09/21 13:48:51 ::1 - /MiniAPI/ValidateOTP
2023/09/21 13:49:04 ::1 - /MiniAPI/GenerateOTP
2023/09/21 13:49:13 ::1 - /MiniAPI/ValidateOTP
2023/09/21 13:49:17 ::1 - /MiniAPI/ValidateOTP
2023/09/21 13:49:18 ::1 - /MiniAPI/ValidateOTP
2023/09/21 13:49:21 ::1 - /MiniAPI/ValidateOTP
2023/09/21 13:49:24 ::1 - /MiniAPI/ValidateOTP
2023/09/21 13:49:25 ::1 - /MiniAPI/ValidateOTP
2023/09/21 13:49:35 ::1 - /MiniAPI/ValidateOTP
2023/09/21 13:49:39 ::1 - /MiniAPI/GenerateOTP
2023/09/21 13:49:42 ::1 - /MiniAPI/GenerateOTP
2023/09/21 13:49:43 ::1 - /MiniAPI/GenerateOTP
2023/09/21 13:49:47 ::1 - /MiniAPI/ValidateOTP
2023/09/21 13:49:48 ::1 - /MiniAPI/ValidateOTP
2023/09/21 14:00:24 Start API
2023/09/21 14:00:24 2023-09-21 14:00:24 Listening to Port 8080..
2023/09/21 14:00:31 ::1 - /MiniAPI/GenerateOTP - PostmanRuntime/7.32.3
2023/09/21 14:17:04 Start API
2023/09/21 14:17:04 2023-09-21 14:17:04 Listening to Port 8080..
2023/09/21 14:17:11 ::1 - /MiniAPI/GenerateOTP - PostmanRuntime/7.32.3 - 
